\BOOKMARK [1][-]{section.1}{\376\377\000I\000n\000t\000r\000o\000d\000u\000c\000t\000i\000o\000n\000:\000\040\000T\000h\000e\000\040\000A\000m\000n\000e\000s\000i\000a\000\040\000P\000r\000o\000b\000l\000e\000m}{}% 1
\BOOKMARK [2][-]{subsection.1.1}{\376\377\000T\000h\000e\000\040\000S\000t\000a\000k\000e\000s}{section.1}% 2
\BOOKMARK [2][-]{subsection.1.2}{\376\377\000S\000c\000o\000p\000e\000\040\000a\000n\000d\000\040\000C\000l\000a\000i\000m\000s}{section.1}% 3
\BOOKMARK [1][-]{section.2}{\376\377\000T\000h\000e\000o\000r\000e\000t\000i\000c\000a\000l\000\040\000F\000o\000u\000n\000d\000a\000t\000i\000o\000n\000s}{}% 4
\BOOKMARK [2][-]{subsection.2.1}{\376\377\000T\000h\000e\000\040\000W\000o\000r\000l\000d\000\040\000M\000o\000d\000e\000l\000\040\000D\000e\000b\000a\000t\000e}{section.2}% 5
\BOOKMARK [2][-]{subsection.2.2}{\376\377\000C\000o\000g\000n\000i\000t\000i\000v\000e\000\040\000M\000e\000m\000o\000r\000y\000\040\000S\000y\000s\000t\000e\000m\000s}{section.2}% 6
\BOOKMARK [2][-]{subsection.2.3}{\376\377\000M\000e\000m\000o\000r\000y\000-\000A\000u\000g\000m\000e\000n\000t\000e\000d\000\040\000N\000e\000u\000r\000a\000l\000\040\000N\000e\000t\000w\000o\000r\000k\000s}{section.2}% 7
\BOOKMARK [2][-]{subsection.2.4}{\376\377\000T\000h\000e\000\040\000C\000o\000n\000s\000o\000l\000i\000d\000a\000t\000i\000o\000n\000\040\000P\000r\000o\000b\000l\000e\000m}{section.2}% 8
\BOOKMARK [1][-]{section.3}{\376\377\000S\000y\000s\000t\000e\000m\000\040\000A\000r\000c\000h\000i\000t\000e\000c\000t\000u\000r\000e}{}% 9
\BOOKMARK [2][-]{subsection.3.1}{\376\377\000D\000e\000s\000i\000g\000n\000\040\000P\000h\000i\000l\000o\000s\000o\000p\000h\000y}{section.3}% 10
\BOOKMARK [2][-]{subsection.3.2}{\376\377\000E\000p\000i\000s\000o\000d\000i\000c\000\040\000M\000e\000m\000o\000r\000y}{section.3}% 11
\BOOKMARK [2][-]{subsection.3.3}{\376\377\000S\000e\000m\000a\000n\000t\000i\000c\000\040\000M\000e\000m\000o\000r\000y}{section.3}% 12
\BOOKMARK [2][-]{subsection.3.4}{\376\377\000P\000r\000o\000c\000e\000d\000u\000r\000a\000l\000\040\000M\000e\000m\000o\000r\000y}{section.3}% 13
\BOOKMARK [2][-]{subsection.3.5}{\376\377\000H\000y\000b\000r\000i\000d\000\040\000R\000e\000t\000r\000i\000e\000v\000a\000l}{section.3}% 14
\BOOKMARK [1][-]{section.4}{\376\377\000L\000i\000t\000e\000r\000a\000t\000u\000r\000e\000\040\000R\000e\000v\000i\000e\000w}{}% 15
\BOOKMARK [2][-]{subsection.4.1}{\376\377\000M\000e\000m\000o\000r\000y\000\040\000i\000n\000\040\000C\000o\000g\000n\000i\000t\000i\000v\000e\000\040\000S\000c\000i\000e\000n\000c\000e}{section.4}% 16
\BOOKMARK [2][-]{subsection.4.2}{\376\377\000M\000e\000m\000o\000r\000y\000\040\000i\000n\000\040\000A\000r\000t\000i\000f\000i\000c\000i\000a\000l\000\040\000I\000n\000t\000e\000l\000l\000i\000g\000e\000n\000c\000e}{section.4}% 17
\BOOKMARK [2][-]{subsection.4.3}{\376\377\000R\000e\000t\000r\000i\000e\000v\000a\000l\000-\000A\000u\000g\000m\000e\000n\000t\000e\000d\000\040\000G\000e\000n\000e\000r\000a\000t\000i\000o\000n}{section.4}% 18
\BOOKMARK [2][-]{subsection.4.4}{\376\377\000W\000o\000r\000l\000d\000\040\000M\000o\000d\000e\000l\000s\000\040\000i\000n\000\040\000A\000I}{section.4}% 19
\BOOKMARK [1][-]{section.5}{\376\377\000C\000a\000s\000e\000\040\000S\000t\000u\000d\000y\000:\000\040\000A\000\040\000S\000e\000s\000s\000i\000o\000n\000\040\000i\000n\000\040\000P\000r\000a\000c\000t\000i\000c\000e}{}% 20
\BOOKMARK [2][-]{subsection.5.1}{\376\377\000S\000e\000s\000s\000i\000o\000n\000\040\000I\000n\000i\000t\000i\000a\000l\000i\000z\000a\000t\000i\000o\000n}{section.5}% 21
\BOOKMARK [2][-]{subsection.5.2}{\376\377\000T\000a\000s\000k\000\040\000E\000x\000e\000c\000u\000t\000i\000o\000n}{section.5}% 22
\BOOKMARK [2][-]{subsection.5.3}{\376\377\000M\000e\000m\000o\000r\000y\000\040\000F\000o\000r\000m\000a\000t\000i\000o\000n}{section.5}% 23
\BOOKMARK [2][-]{subsection.5.4}{\376\377\000C\000o\000n\000s\000o\000l\000i\000d\000a\000t\000i\000o\000n\000\040\000\050\000L\000a\000t\000e\000r\000\051}{section.5}% 24
\BOOKMARK [2][-]{subsection.5.5}{\376\377\000F\000u\000t\000u\000r\000e\000\040\000S\000e\000s\000s\000i\000o\000n\000\040\000B\000e\000n\000e\000f\000i\000t\000s}{section.5}% 25
\BOOKMARK [1][-]{section.6}{\376\377\000M\000e\000m\000o\000r\000y\000\040\000v\000s\000.\000\040\000R\000e\000t\000r\000i\000e\000v\000a\000l\000:\000\040\000A\000\040\000C\000r\000u\000c\000i\000a\000l\000\040\000D\000i\000s\000t\000i\000n\000c\000t\000i\000o\000n}{}% 26
\BOOKMARK [2][-]{subsection.6.1}{\376\377\000W\000h\000a\000t\000\040\000R\000e\000t\000r\000i\000e\000v\000a\000l\000-\000A\000u\000g\000m\000e\000n\000t\000e\000d\000\040\000G\000e\000n\000e\000r\000a\000t\000i\000o\000n\000\040\000I\000s\000\040\000N\000o\000t}{section.6}% 27
\BOOKMARK [2][-]{subsection.6.2}{\376\377\000T\000h\000e\000\040\000C\000o\000n\000t\000i\000n\000u\000i\000t\000y\000\040\000C\000r\000i\000t\000e\000r\000i\000o\000n}{section.6}% 28
\BOOKMARK [2][-]{subsection.6.3}{\376\377\000T\000h\000e\000\040\000E\000x\000p\000e\000r\000i\000e\000n\000c\000e\000-\000K\000n\000o\000w\000l\000e\000d\000g\000e\000\040\000G\000a\000p}{section.6}% 29
\BOOKMARK [1][-]{section.7}{\376\377\000C\000r\000i\000t\000i\000c\000a\000l\000\040\000A\000n\000a\000l\000y\000s\000i\000s}{}% 30
\BOOKMARK [2][-]{subsection.7.1}{\376\377\000W\000h\000a\000t\000\040\000W\000o\000r\000l\000d\000\040\000W\000e\000a\000v\000e\000r\000\040\000D\000o\000e\000s\000\040\000W\000e\000l\000l}{section.7}% 31
\BOOKMARK [2][-]{subsection.7.2}{\376\377\000W\000h\000a\000t\000\040\000W\000o\000r\000l\000d\000\040\000W\000e\000a\000v\000e\000r\000\040\000D\000o\000e\000s\000\040\000P\000o\000o\000r\000l\000y}{section.7}% 32
\BOOKMARK [2][-]{subsection.7.3}{\376\377\000F\000u\000n\000d\000a\000m\000e\000n\000t\000a\000l\000\040\000Q\000u\000e\000s\000t\000i\000o\000n\000s}{section.7}% 33
\BOOKMARK [1][-]{section.8}{\376\377\000E\000t\000h\000i\000c\000a\000l\000\040\000a\000n\000d\000\040\000S\000o\000c\000i\000e\000t\000a\000l\000\040\000I\000m\000p\000l\000i\000c\000a\000t\000i\000o\000n\000s}{}% 34
\BOOKMARK [2][-]{subsection.8.1}{\376\377\000T\000h\000e\000\040\000R\000i\000g\000h\000t\000\040\000t\000o\000\040\000B\000e\000\040\000F\000o\000r\000g\000o\000t\000t\000e\000n}{section.8}% 35
\BOOKMARK [2][-]{subsection.8.2}{\376\377\000M\000e\000m\000o\000r\000y\000\040\000M\000a\000n\000i\000p\000u\000l\000a\000t\000i\000o\000n}{section.8}% 36
\BOOKMARK [2][-]{subsection.8.3}{\376\377\000D\000i\000f\000f\000e\000r\000e\000n\000t\000i\000a\000l\000\040\000M\000e\000m\000o\000r\000y}{section.8}% 37
\BOOKMARK [2][-]{subsection.8.4}{\376\377\000M\000e\000m\000o\000r\000y\000\040\000a\000s\000\040\000L\000i\000a\000b\000i\000l\000i\000t\000y}{section.8}% 38
\BOOKMARK [2][-]{subsection.8.5}{\376\377\000T\000h\000e\000\040\000C\000o\000n\000t\000i\000n\000u\000i\000t\000y\000\040\000Q\000u\000e\000s\000t\000i\000o\000n}{section.8}% 39
\BOOKMARK [1][-]{section.9}{\376\377\000E\000m\000p\000i\000r\000i\000c\000a\000l\000\040\000E\000v\000a\000l\000u\000a\000t\000i\000o\000n}{}% 40
\BOOKMARK [2][-]{subsection.9.1}{\376\377\000T\000h\000e\000\040\000M\000e\000a\000s\000u\000r\000e\000m\000e\000n\000t\000\040\000P\000r\000o\000b\000l\000e\000m}{section.9}% 41
\BOOKMARK [2][-]{subsection.9.2}{\376\377\000A\000b\000l\000a\000t\000i\000o\000n\000\040\000S\000t\000u\000d\000i\000e\000s}{section.9}% 42
\BOOKMARK [2][-]{subsection.9.3}{\376\377\000F\000a\000i\000l\000u\000r\000e\000\040\000M\000o\000d\000e\000\040\000A\000n\000a\000l\000y\000s\000i\000s}{section.9}% 43
\BOOKMARK [1][-]{section.10}{\376\377\000T\000h\000e\000\040\000C\000o\000g\000n\000i\000t\000i\000v\000e\000\040\000M\000e\000t\000a\000p\000h\000o\000r\000:\000\040\000L\000i\000m\000i\000t\000s\000\040\000a\000n\000d\000\040\000R\000i\000s\000k\000s}{}% 44
\BOOKMARK [2][-]{subsection.10.1}{\376\377\000W\000h\000e\000n\000\040\000t\000h\000e\000\040\000B\000r\000a\000i\000n\000\040\000A\000n\000a\000l\000o\000g\000y\000\040\000B\000r\000e\000a\000k\000s}{section.10}% 45
\BOOKMARK [2][-]{subsection.10.2}{\376\377\000T\000h\000e\000\040\000R\000i\000s\000k\000\040\000o\000f\000\040\000M\000i\000s\000p\000l\000a\000c\000e\000d\000\040\000C\000o\000n\000f\000i\000d\000e\000n\000c\000e}{section.10}% 46
\BOOKMARK [1][-]{section.11}{\376\377\000A\000d\000v\000e\000r\000s\000a\000r\000i\000a\000l\000\040\000C\000o\000n\000s\000i\000d\000e\000r\000a\000t\000i\000o\000n\000s}{}% 47
\BOOKMARK [2][-]{subsection.11.1}{\376\377\000M\000e\000m\000o\000r\000y\000\040\000P\000o\000i\000s\000o\000n\000i\000n\000g}{section.11}% 48
\BOOKMARK [2][-]{subsection.11.2}{\376\377\000M\000i\000t\000i\000g\000a\000t\000i\000o\000n\000s}{section.11}% 49
\BOOKMARK [1][-]{section.12}{\376\377\000C\000o\000l\000l\000e\000c\000t\000i\000v\000e\000\040\000M\000e\000m\000o\000r\000y\000\040\000a\000n\000d\000\040\000M\000u\000l\000t\000i\000-\000A\000g\000e\000n\000t\000\040\000S\000y\000s\000t\000e\000m\000s}{}% 50
\BOOKMARK [2][-]{subsection.12.1}{\376\377\000B\000e\000y\000o\000n\000d\000\040\000I\000n\000d\000i\000v\000i\000d\000u\000a\000l\000\040\000M\000e\000m\000o\000r\000y}{section.12}% 51
\BOOKMARK [2][-]{subsection.12.2}{\376\377\000O\000r\000g\000a\000n\000i\000z\000a\000t\000i\000o\000n\000a\000l\000\040\000M\000e\000m\000o\000r\000y}{section.12}% 52
\BOOKMARK [1][-]{section.13}{\376\377\000F\000u\000t\000u\000r\000e\000\040\000D\000i\000r\000e\000c\000t\000i\000o\000n\000s}{}% 53
\BOOKMARK [2][-]{subsection.13.1}{\376\377\000N\000e\000u\000r\000a\000l\000-\000S\000y\000m\000b\000o\000l\000i\000c\000\040\000I\000n\000t\000e\000g\000r\000a\000t\000i\000o\000n}{section.13}% 54
\BOOKMARK [2][-]{subsection.13.2}{\376\377\000M\000u\000l\000t\000i\000-\000M\000o\000d\000a\000l\000\040\000M\000e\000m\000o\000r\000y}{section.13}% 55
\BOOKMARK [2][-]{subsection.13.3}{\376\377\000S\000o\000c\000i\000a\000l\000\040\000M\000e\000m\000o\000r\000y}{section.13}% 56
\BOOKMARK [2][-]{subsection.13.4}{\376\377\000M\000e\000t\000a\000-\000M\000e\000m\000o\000r\000y}{section.13}% 57
\BOOKMARK [2][-]{subsection.13.5}{\376\377\000F\000o\000r\000m\000a\000l\000\040\000V\000e\000r\000i\000f\000i\000c\000a\000t\000i\000o\000n}{section.13}% 58
\BOOKMARK [1][-]{section.14}{\376\377\000E\000p\000i\000s\000t\000e\000m\000o\000l\000o\000g\000i\000c\000a\000l\000\040\000F\000o\000u\000n\000d\000a\000t\000i\000o\000n\000s}{}% 59
\BOOKMARK [2][-]{subsection.14.1}{\376\377\000W\000h\000a\000t\000\040\000D\000o\000e\000s\000\040\000t\000h\000e\000\040\000A\000g\000e\000n\000t\000\040\000K\000n\000o\000w\000?}{section.14}% 60
\BOOKMARK [2][-]{subsection.14.2}{\376\377\000T\000h\000e\000\040\000F\000r\000a\000m\000e\000\040\000P\000r\000o\000b\000l\000e\000m\000\040\000R\000e\000v\000i\000s\000i\000t\000e\000d}{section.14}% 61
\BOOKMARK [2][-]{subsection.14.3}{\376\377\000M\000e\000m\000o\000r\000y\000\040\000a\000n\000d\000\040\000M\000e\000a\000n\000i\000n\000g}{section.14}% 62
\BOOKMARK [2][-]{subsection.14.4}{\376\377\000T\000h\000e\000\040\000S\000y\000m\000b\000o\000l\000\040\000G\000r\000o\000u\000n\000d\000i\000n\000g\000\040\000P\000r\000o\000b\000l\000e\000m}{section.14}% 63
\BOOKMARK [1][-]{section.15}{\376\377\000T\000h\000e\000\040\000H\000a\000r\000d\000\040\000P\000r\000o\000b\000l\000e\000m\000\040\000o\000f\000\040\000A\000I\000\040\000M\000e\000m\000o\000r\000y}{}% 64
\BOOKMARK [2][-]{subsection.15.1}{\376\377\000P\000h\000e\000n\000o\000m\000e\000n\000o\000l\000o\000g\000y\000\040\000a\000n\000d\000\040\000t\000h\000e\000\040\000M\000i\000s\000s\000i\000n\000g\000\040\000Q\000u\000a\000l\000i\000a}{section.15}% 65
\BOOKMARK [2][-]{subsection.15.2}{\376\377\000T\000h\000e\000\040\000B\000i\000n\000d\000i\000n\000g\000\040\000P\000r\000o\000b\000l\000e\000m}{section.15}% 66
\BOOKMARK [2][-]{subsection.15.3}{\376\377\000I\000n\000t\000e\000n\000t\000i\000o\000n\000a\000l\000i\000t\000y\000\040\000a\000n\000d\000\040\000A\000b\000o\000u\000t\000n\000e\000s\000s}{section.15}% 67
\BOOKMARK [2][-]{subsection.15.4}{\376\377\000M\000e\000m\000o\000r\000y\000\040\000W\000i\000t\000h\000o\000u\000t\000\040\000U\000n\000d\000e\000r\000s\000t\000a\000n\000d\000i\000n\000g}{section.15}% 68
\BOOKMARK [1][-]{section.16}{\376\377\000M\000e\000m\000o\000r\000y\000\040\000a\000n\000d\000\040\000I\000n\000t\000e\000l\000l\000i\000g\000e\000n\000c\000e}{}% 69
\BOOKMARK [2][-]{subsection.16.1}{\376\377\000I\000s\000\040\000M\000e\000m\000o\000r\000y\000\040\000N\000e\000c\000e\000s\000s\000a\000r\000y\000\040\000f\000o\000r\000\040\000I\000n\000t\000e\000l\000l\000i\000g\000e\000n\000c\000e\000?}{section.16}% 70
\BOOKMARK [2][-]{subsection.16.2}{\376\377\000T\000h\000e\000\040\000M\000e\000m\000o\000r\000y\000-\000R\000e\000a\000s\000o\000n\000i\000n\000g\000\040\000I\000n\000t\000e\000r\000f\000a\000c\000e}{section.16}% 71
\BOOKMARK [2][-]{subsection.16.3}{\376\377\000M\000e\000m\000o\000r\000y\000\040\000a\000n\000d\000\040\000C\000r\000e\000a\000t\000i\000v\000i\000t\000y}{section.16}% 72
\BOOKMARK [2][-]{subsection.16.4}{\376\377\000T\000h\000e\000\040\000E\000x\000p\000e\000r\000t\000i\000s\000e\000\040\000Q\000u\000e\000s\000t\000i\000o\000n}{section.16}% 73
\BOOKMARK [1][-]{section.17}{\376\377\000T\000o\000w\000a\000r\000d\000\040\000a\000\040\000T\000h\000e\000o\000r\000y\000\040\000o\000f\000\040\000M\000a\000c\000h\000i\000n\000e\000\040\000M\000e\000m\000o\000r\000y}{}% 74
\BOOKMARK [2][-]{subsection.17.1}{\376\377\000W\000h\000a\000t\000\040\000S\000h\000o\000u\000l\000d\000\040\000a\000\040\000T\000h\000e\000o\000r\000y\000\040\000E\000x\000p\000l\000a\000i\000n\000?}{section.17}% 75
\BOOKMARK [2][-]{subsection.17.2}{\376\377\000D\000e\000s\000i\000d\000e\000r\000a\000t\000a\000\040\000f\000o\000r\000\040\000M\000a\000c\000h\000i\000n\000e\000\040\000M\000e\000m\000o\000r\000y}{section.17}% 76
\BOOKMARK [2][-]{subsection.17.3}{\376\377\000A\000\040\000T\000a\000x\000o\000n\000o\000m\000y\000\040\000o\000f\000\040\000M\000e\000m\000o\000r\000y\000\040\000A\000r\000c\000h\000i\000t\000e\000c\000t\000u\000r\000e\000s}{section.17}% 77
\BOOKMARK [2][-]{subsection.17.4}{\376\377\000M\000e\000m\000o\000r\000y\000\040\000a\000n\000d\000\040\000T\000i\000m\000e}{section.17}% 78
\BOOKMARK [2][-]{subsection.17.5}{\376\377\000M\000e\000m\000o\000r\000y\000\040\000a\000n\000d\000\040\000P\000r\000e\000d\000i\000c\000t\000i\000o\000n}{section.17}% 79
\BOOKMARK [2][-]{subsection.17.6}{\376\377\000T\000h\000e\000\040\000L\000i\000n\000g\000u\000i\000s\000t\000i\000c\000\040\000N\000a\000t\000u\000r\000e\000\040\000o\000f\000\040\000A\000I\000\040\000M\000e\000m\000o\000r\000y}{section.17}% 80
\BOOKMARK [2][-]{subsection.17.7}{\376\377\000O\000p\000e\000n\000\040\000T\000h\000e\000o\000r\000e\000t\000i\000c\000a\000l\000\040\000Q\000u\000e\000s\000t\000i\000o\000n\000s}{section.17}% 81
\BOOKMARK [1][-]{section.18}{\376\377\000T\000h\000e\000\040\000D\000e\000e\000p\000e\000r\000\040\000P\000u\000r\000p\000o\000s\000e}{}% 82
\BOOKMARK [1][-]{section.19}{\376\377\000I\000n\000d\000u\000s\000t\000r\000y\000\040\000C\000o\000n\000t\000e\000x\000t\000\040\000a\000n\000d\000\040\000R\000e\000l\000a\000t\000e\000d\000\040\000D\000e\000v\000e\000l\000o\000p\000m\000e\000n\000t\000s}{}% 83
\BOOKMARK [2][-]{subsection.19.1}{\376\377\000C\000o\000m\000m\000e\000r\000c\000i\000a\000l\000\040\000M\000e\000m\000o\000r\000y\000\040\000S\000y\000s\000t\000e\000m\000s}{section.19}% 84
\BOOKMARK [2][-]{subsection.19.2}{\376\377\000R\000e\000s\000e\000a\000r\000c\000h\000\040\000D\000e\000v\000e\000l\000o\000p\000m\000e\000n\000t\000s}{section.19}% 85
\BOOKMARK [2][-]{subsection.19.3}{\376\377\000O\000p\000e\000n\000\040\000P\000r\000o\000b\000l\000e\000m\000s\000\040\000i\000n\000\040\000t\000h\000e\000\040\000F\000i\000e\000l\000d}{section.19}% 86
\BOOKMARK [1][-]{section.20}{\376\377\000R\000e\000f\000l\000e\000c\000t\000i\000o\000n\000s\000\040\000o\000n\000\040\000B\000u\000i\000l\000d\000i\000n\000g\000\040\000W\000o\000r\000l\000d\000\040\000W\000e\000a\000v\000e\000r}{}% 87
\BOOKMARK [2][-]{subsection.20.1}{\376\377\000W\000h\000a\000t\000\040\000S\000u\000r\000p\000r\000i\000s\000e\000d\000\040\000U\000s}{section.20}% 88
\BOOKMARK [2][-]{subsection.20.2}{\376\377\000W\000h\000a\000t\000\040\000W\000e\000\040\000W\000o\000u\000l\000d\000\040\000D\000o\000\040\000D\000i\000f\000f\000e\000r\000e\000n\000t\000l\000y}{section.20}% 89
\BOOKMARK [2][-]{subsection.20.3}{\376\377\000A\000d\000v\000i\000c\000e\000\040\000f\000o\000r\000\040\000O\000t\000h\000e\000r\000s}{section.20}% 90
\BOOKMARK [1][-]{section.21}{\376\377\000F\000i\000n\000a\000l\000\040\000M\000e\000d\000i\000t\000a\000t\000i\000o\000n\000s\000:\000\040\000W\000h\000a\000t\000\040\000A\000r\000e\000\040\000W\000e\000\040\000C\000r\000e\000a\000t\000i\000n\000g\000?}{}% 91
\BOOKMARK [2][-]{subsection.21.1}{\376\377\000T\000h\000e\000\040\000A\000r\000t\000i\000f\000a\000c\000t\000\040\000Q\000u\000e\000s\000t\000i\000o\000n}{section.21}% 92
\BOOKMARK [2][-]{subsection.21.2}{\376\377\000T\000h\000e\000\040\000R\000e\000s\000p\000o\000n\000s\000i\000b\000i\000l\000i\000t\000y\000\040\000Q\000u\000e\000s\000t\000i\000o\000n}{section.21}% 93
\BOOKMARK [2][-]{subsection.21.3}{\376\377\000T\000h\000e\000\040\000C\000o\000n\000s\000c\000i\000o\000u\000s\000n\000e\000s\000s\000\040\000Q\000u\000e\000s\000t\000i\000o\000n}{section.21}% 94
\BOOKMARK [2][-]{subsection.21.4}{\376\377\000T\000h\000e\000\040\000H\000u\000m\000i\000l\000i\000t\000y\000\040\000I\000m\000p\000e\000r\000a\000t\000i\000v\000e}{section.21}% 95
\BOOKMARK [2][-]{subsection.21.5}{\376\377\000A\000\040\000V\000i\000s\000i\000o\000n}{section.21}% 96
\BOOKMARK [1][-]{section.22}{\376\377\000C\000o\000n\000c\000l\000u\000s\000i\000o\000n}{}% 97
